=== 基準画像の読み込み ===
  プロフィール画像: 1顔
  合計基準顔: 3個

=== FANZA API: videocから全件取得 ===
  [ゆみ] offset=1, 取得=100, total=703, 累計ユニーク=100
  [ゆみ] offset=101, 取得=100, total=703, 累計ユニーク=200
  [ゆみ] offset=201, 取得=100, total=703, 累計ユニーク=300
  [ゆみ] offset=301, 取得=100, total=703, 累計ユニーク=400
  [ゆみ] offset=401, 取得=100, total=703, 累計ユニーク=500
  [ゆみ] offset=501, 取得=100, total=703, 累計ユニーク=600
  [ゆみ] offset=601, 取得=100, total=703, 累計ユニーク=700
  [ゆみ] offset=701, 取得=3, total=703, 累計ユニーク=703
  [虹村] offset=1, 取得=2, total=2, 累計ユニーク=705

合計ユニーク作品: 705件

=== 顔マッチング開始 (閾値=0.46) ===
  ★HIT [1/705] smgn042 (ゆみ＆ふう) dist=0.4306
  ★HIT [4/705] orecz477 (ゆみちゃん) dist=0.4094
  ★HIT [5/705] nost205 (ゆみさん) dist=0.4085
  ★HIT [6/705] spay726 (ゆみ) dist=0.4056
  ★HIT [7/705] spay722 (ゆみ) dist=0.3547
  ★HIT [9/705] kure023 (ゆみ＆まこ) dist=0.4336
  ★HIT [11/705] pai228 (にじむ) dist=0.4238
  ★HIT [12/705] orecz437 (ゆみ) dist=0.3946
  ★HIT [14/705] spay710 (ゆみ) dist=0.4508
  ★HIT [15/705] deas040 (ゆみ＆おと＆まこ) dist=0.3709
  ★HIT [19/705] debz001 (ゆみちゃん) dist=0.3665
  ★HIT [20/705] nost173 (ゆみ) dist=0.3950
  ★HIT [22/705] deaa024 (ゆみ＆おと＆まこ) dist=0.4380
  ★HIT [23/705] ako592 (YUMIちゃん) dist=0.4217
  ★HIT [24/705] simp011 (ユミ) dist=0.4017
  ★HIT [25/705] smnn001 (ゆみさん) dist=0.3800
  ★HIT [26/705] smgn003 (yumiさん) dist=0.4270
  ★HIT [27/705] orecz378 (ゆみちゃん) dist=0.4128
  ★HIT [28/705] ddh369 (ゆみ) dist=0.4406
  ★HIT [29/705] hsgg001 (ゆみ) dist=0.4437
  ★HIT [30/705] smro001 (yumiちゃん) dist=0.3896
  ★HIT [31/705] oremo466 (ゆみ) dist=0.4520
  ★HIT [33/705] simo011 (ゆみ) dist=0.4221
  ★HIT [36/705] instc653 (ゆみにゃ) dist=0.4253
  ★HIT [37/705] ewdx569 (ゆみさん) dist=0.3873
  ★HIT [38/705] zake008 (ゆみちゃん) dist=0.3646
  ★HIT [40/705] zake007 (ゆみちゃん) dist=0.3871
  ★HIT [41/705] mfc348 (ゆみ) dist=0.4026
  ★HIT [44/705] smub061 (ゆみ＆しおり) dist=0.4254
  ★HIT [50/705] nost113 (ゆみちゃん) dist=0.3926
  進捗: 50/705 (マッチ=30, 顔なし=2)
  ★HIT [53/705] orecz273 (ゆみち) dist=0.4404
  ★HIT [54/705] sth120 (muyumi) dist=0.3805
  ★HIT [55/705] orecz265 (ゆみさん) dist=0.4025
  ★HIT [56/705] smuc169 (Yumi) dist=0.3769
  ★HIT [58/705] sna045 (ゆみ) dist=0.4240
  ★HIT [59/705] oremo419 (ゆみ) dist=0.4423
  ★HIT [60/705] smjz095 (YUMIさん) dist=0.4243
  ★HIT [61/705] smjp060 (ゆみ) dist=0.4133
  ★HIT [65/705] buz064 (ゆみ) dist=0.3808
  ★HIT [74/705] orecz167 (ゆみ) dist=0.4216
  ★HIT [75/705] pai076 (みゆちゃん) dist=0.3837
  ★HIT [76/705] nost053 (ゆみちゃん) dist=0.4002
  ★HIT [80/705] detw003 (Yumi) dist=0.4174
  ★HIT [82/705] spay576 (ゆみたいカップル) dist=0.3660
  ★HIT [83/705] orecz096 (ゆみさん) dist=0.4582
  ★HIT [88/705] grsp006 (ゆみ) dist=0.4367
  ★HIT [89/705] nost029 (ゆみ＆まさと) dist=0.4291
  ★HIT [92/705] smuk246 (yumiちゃん 2) dist=0.3767
  ★HIT [93/705] smjs102 (ゆみさん) dist=0.3875
  ★HIT [94/705] smuk245 (yumiちゃん) dist=0.4378
  ★HIT [100/705] endx507 (ゆみ) dist=0.4484
  進捗: 100/705 (マッチ=51, 顔なし=9)
  ★HIT [137/705] mfcs039 (まゆみ) dist=0.4383
  進捗: 150/705 (マッチ=52, 顔なし=17)
  ★HIT [194/705] infc010 (ゆみな) dist=0.4428
  進捗: 200/705 (マッチ=53, 顔なし=30)
  ★HIT [215/705] instc253 (ミナミ＆ユミ＆ルナ＆ミツキ) dist=0.4485
  ★HIT [217/705] instc245 (ユミ) dist=0.4506
  進捗: 250/705 (マッチ=55, 顔なし=43)
  ★HIT [271/705] dht154 (亜由美) dist=0.4538
  進捗: 300/705 (マッチ=56, 顔なし=50)
  ★HIT [324/705] big0052 (ゆみ) dist=0.4457
  ★HIT [329/705] urf0045 (ゆみ) dist=0.4533
  進捗: 350/705 (マッチ=58, 顔なし=64)
  進捗: 400/705 (マッチ=58, 顔なし=70)
  進捗: 450/705 (マッチ=58, 顔なし=74)
  ★HIT [454/705] eqt072 (ゆみちゃん) dist=0.4522
  進捗: 500/705 (マッチ=59, 顔なし=75)
  ★HIT [546/705] garea257 (あゆみ) dist=0.4298
  ★HIT [548/705] scute304 (ayumi 2) dist=0.4537
  進捗: 550/705 (マッチ=61, 顔なし=78)
  ★HIT [573/705] mywife193 (高森あゆみ 2) dist=0.4562
  ★HIT [574/705] eko030 (YUMI) dist=0.4301
  進捗: 600/705 (マッチ=63, 顔なし=80)
  ★HIT [609/705] dage598 (友美) dist=0.4328
  進捗: 650/705 (マッチ=64, 顔なし=80)
  ★HIT [662/705] happyf049 (本間祐美香) dist=0.4509
  進捗: 700/705 (マッチ=65, 顔なし=80)
  ★HIT [704/705] smjj092 (Y) dist=0.4201

============================================================
=== 結果: 66件マッチ / 705件中 ===
    顔検出不可: 80件
    閾値: 0.46
============================================================
  dist=0.3547 | spay722 | ゆみ
    https://video.dmm.co.jp/amateur/content/?id=spay722
  dist=0.3646 | zake008 | ゆみちゃん
    https://video.dmm.co.jp/amateur/content/?id=zake008
  dist=0.3660 | spay576 | ゆみたいカップル
    https://video.dmm.co.jp/amateur/content/?id=spay576
  dist=0.3665 | debz001 | ゆみちゃん
    https://video.dmm.co.jp/amateur/content/?id=debz001
  dist=0.3709 | deas040 | ゆみ＆おと＆まこ
    https://video.dmm.co.jp/amateur/content/?id=deas040
  dist=0.3767 | smuk246 | yumiちゃん 2
    https://video.dmm.co.jp/amateur/content/?id=smuk246
  dist=0.3769 | smuc169 | Yumi
    https://video.dmm.co.jp/amateur/content/?id=smuc169
  dist=0.3800 | smnn001 | ゆみさん
    https://video.dmm.co.jp/amateur/content/?id=smnn001
  dist=0.3805 | sth120 | muyumi
    https://video.dmm.co.jp/amateur/content/?id=sth120
  dist=0.3808 | buz064 | ゆみ
    https://video.dmm.co.jp/amateur/content/?id=buz064
  dist=0.3837 | pai076 | みゆちゃん
    https://video.dmm.co.jp/amateur/content/?id=pai076
  dist=0.3871 | zake007 | ゆみちゃん
    https://video.dmm.co.jp/amateur/content/?id=zake007
  dist=0.3873 | ewdx569 | ゆみさん
    https://video.dmm.co.jp/amateur/content/?id=ewdx569
  dist=0.3875 | smjs102 | ゆみさん
    https://video.dmm.co.jp/amateur/content/?id=smjs102
  dist=0.3896 | smro001 | yumiちゃん
    https://video.dmm.co.jp/amateur/content/?id=smro001
  dist=0.3926 | nost113 | ゆみちゃん
    https://video.dmm.co.jp/amateur/content/?id=nost113
  dist=0.3946 | orecz437 | ゆみ
    https://video.dmm.co.jp/amateur/content/?id=orecz437
  dist=0.3950 | nost173 | ゆみ
    https://video.dmm.co.jp/amateur/content/?id=nost173
  dist=0.4002 | nost053 | ゆみちゃん
    https://video.dmm.co.jp/amateur/content/?id=nost053
  dist=0.4017 | simp011 | ユミ
    https://video.dmm.co.jp/amateur/content/?id=simp011
  dist=0.4025 | orecz265 | ゆみさん
    https://video.dmm.co.jp/amateur/content/?id=orecz265
  dist=0.4026 | mfc348 | ゆみ
    https://video.dmm.co.jp/amateur/content/?id=mfc348
  dist=0.4056 | spay726 | ゆみ
    https://video.dmm.co.jp/amateur/content/?id=spay726
  dist=0.4085 | nost205 | ゆみさん
    https://video.dmm.co.jp/amateur/content/?id=nost205
  dist=0.4094 | orecz477 | ゆみちゃん
    https://video.dmm.co.jp/amateur/content/?id=orecz477
  dist=0.4128 | orecz378 | ゆみちゃん
    https://video.dmm.co.jp/amateur/content/?id=orecz378
  dist=0.4133 | smjp060 | ゆみ
    https://video.dmm.co.jp/amateur/content/?id=smjp060
  dist=0.4174 | detw003 | Yumi
    https://video.dmm.co.jp/amateur/content/?id=detw003
  dist=0.4201 | smjj092 | Y
    https://video.dmm.co.jp/amateur/content/?id=smjj092
  dist=0.4216 | orecz167 | ゆみ
    https://video.dmm.co.jp/amateur/content/?id=orecz167
  dist=0.4217 | ako592 | YUMIちゃん
    https://video.dmm.co.jp/amateur/content/?id=ako592
  dist=0.4221 | simo011 | ゆみ
    https://video.dmm.co.jp/amateur/content/?id=simo011
  dist=0.4238 | pai228 | にじむ
    https://video.dmm.co.jp/amateur/content/?id=pai228
  dist=0.4240 | sna045 | ゆみ
    https://video.dmm.co.jp/amateur/content/?id=sna045
  dist=0.4243 | smjz095 | YUMIさん
    https://video.dmm.co.jp/amateur/content/?id=smjz095
  dist=0.4253 | instc653 | ゆみにゃ
    https://video.dmm.co.jp/amateur/content/?id=instc653
  dist=0.4254 | smub061 | ゆみ＆しおり
    https://video.dmm.co.jp/amateur/content/?id=smub061
  dist=0.4270 | smgn003 | yumiさん
    https://video.dmm.co.jp/amateur/content/?id=smgn003
  dist=0.4291 | nost029 | ゆみ＆まさと
    https://video.dmm.co.jp/amateur/content/?id=nost029
  dist=0.4298 | garea257 | あゆみ
    https://video.dmm.co.jp/amateur/content/?id=garea257
  dist=0.4301 | eko030 | YUMI
    https://video.dmm.co.jp/amateur/content/?id=eko030
  dist=0.4306 | smgn042 | ゆみ＆ふう
    https://video.dmm.co.jp/amateur/content/?id=smgn042
  dist=0.4328 | dage598 | 友美
    https://video.dmm.co.jp/amateur/content/?id=dage598
  dist=0.4336 | kure023 | ゆみ＆まこ
    https://video.dmm.co.jp/amateur/content/?id=kure023
  dist=0.4367 | grsp006 | ゆみ
    https://video.dmm.co.jp/amateur/content/?id=grsp006
  dist=0.4378 | smuk245 | yumiちゃん
    https://video.dmm.co.jp/amateur/content/?id=smuk245
  dist=0.4380 | deaa024 | ゆみ＆おと＆まこ
    https://video.dmm.co.jp/amateur/content/?id=deaa024
  dist=0.4383 | mfcs039 | まゆみ
    https://video.dmm.co.jp/amateur/content/?id=mfcs039
  dist=0.4404 | orecz273 | ゆみち
    https://video.dmm.co.jp/amateur/content/?id=orecz273
  dist=0.4406 | ddh369 | ゆみ
    https://video.dmm.co.jp/amateur/content/?id=ddh369
  dist=0.4423 | oremo419 | ゆみ
    https://video.dmm.co.jp/amateur/content/?id=oremo419
  dist=0.4428 | infc010 | ゆみな
    https://video.dmm.co.jp/amateur/content/?id=infc010
  dist=0.4437 | hsgg001 | ゆみ
    https://video.dmm.co.jp/amateur/content/?id=hsgg001
  dist=0.4457 | big0052 | ゆみ
    https://video.dmm.co.jp/amateur/content/?id=big0052
  dist=0.4484 | endx507 | ゆみ
    https://video.dmm.co.jp/amateur/content/?id=endx507
  dist=0.4485 | instc253 | ミナミ＆ユミ＆ルナ＆ミツキ
    https://video.dmm.co.jp/amateur/content/?id=instc253
  dist=0.4506 | instc245 | ユミ
    https://video.dmm.co.jp/amateur/content/?id=instc245
  dist=0.4508 | spay710 | ゆみ
    https://video.dmm.co.jp/amateur/content/?id=spay710
  dist=0.4509 | happyf049 | 本間祐美香
    https://video.dmm.co.jp/amateur/content/?id=happyf049
  dist=0.4520 | oremo466 | ゆみ
    https://video.dmm.co.jp/amateur/content/?id=oremo466
  dist=0.4522 | eqt072 | ゆみちゃん
    https://video.dmm.co.jp/amateur/content/?id=eqt072
  dist=0.4533 | urf0045 | ゆみ
    https://video.dmm.co.jp/amateur/content/?id=urf0045
  dist=0.4537 | scute304 | ayumi 2
    https://video.dmm.co.jp/amateur/content/?id=scute304
  dist=0.4538 | dht154 | 亜由美
    https://video.dmm.co.jp/amateur/content/?id=dht154
  dist=0.4562 | mywife193 | 高森あゆみ 2
    https://video.dmm.co.jp/amateur/content/?id=mywife193
  dist=0.4582 | orecz096 | ゆみさん
    https://video.dmm.co.jp/amateur/content/?id=orecz096

結果をJSONに保存: /Users/kaikyotaro/repository/video-meikan/tasks/face_match_results.json
