取得日数: 5日 (2026/03/21 〜 2026/03/25)
グラフ生成: /var/folders/__/wbqk7byd4ms__mlcr1mt7nf80000gn/T/gsc_daily_report.png
Slackに投稿しました: C0ANLV8V5B9
取得日数: 6日 (2026/03/21 〜 2026/03/26)
グラフ生成: /var/folders/__/wbqk7byd4ms__mlcr1mt7nf80000gn/T/gsc_daily_report.png
Slackに投稿しました: C0ANLV8V5B9
取得日数: 7日 (2026/03/21 〜 2026/03/27)
グラフ生成: /var/folders/__/wbqk7byd4ms__mlcr1mt7nf80000gn/T/gsc_daily_report.png
Slackに投稿しました: C0ANLV8V5B9
取得日数: 8日 (2026/03/21 〜 2026/03/28)
グラフ生成: /var/folders/__/wbqk7byd4ms__mlcr1mt7nf80000gn/T/gsc_daily_report.png
SLACK_BOT_TOKEN / SLACK_CHANNEL が未設定。Slack投稿をスキップ。
取得日数: 9日 (2026/03/21 〜 2026/03/29)
グラフ生成: /var/folders/__/wbqk7byd4ms__mlcr1mt7nf80000gn/T/gsc_daily_report.png
SLACK_BOT_TOKEN / SLACK_CHANNEL が未設定。Slack投稿をスキップ。
取得日数: 10日 (2026/03/21 〜 2026/03/30)
グラフ生成: /var/folders/__/wbqk7byd4ms__mlcr1mt7nf80000gn/T/gsc_daily_report.png
Slackに投稿しました: C0ANLV8V5B9
取得日数: 11日 (2026/03/21 〜 2026/03/31)
グラフ生成: /var/folders/__/wbqk7byd4ms__mlcr1mt7nf80000gn/T/gsc_daily_report.png
Slackに投稿しました: C0ANLV8V5B9
取得日数: 12日 (2026/03/21 〜 2026/04/01)
グラフ生成: /var/folders/__/wbqk7byd4ms__mlcr1mt7nf80000gn/T/gsc_daily_report.png
Slackに投稿しました: C0ANLV8V5B9
取得日数: 13日 (2026/03/21 〜 2026/04/02)
グラフ生成: /var/folders/__/wbqk7byd4ms__mlcr1mt7nf80000gn/T/gsc_daily_report.png
Slackに投稿しました: C0ANLV8V5B9
取得日数: 14日 (2026/03/21 〜 2026/04/03)
グラフ生成: /var/folders/__/wbqk7byd4ms__mlcr1mt7nf80000gn/T/gsc_daily_report.png
Slackに投稿しました: C0ANLV8V5B9
取得日数: 15日 (2026/03/21 〜 2026/04/04)
グラフ生成: /var/folders/__/wbqk7byd4ms__mlcr1mt7nf80000gn/T/gsc_daily_report.png
Slackに投稿しました: C0ANLV8V5B9
取得日数: 16日 (2026/03/21 〜 2026/04/05)
グラフ生成: /var/folders/__/wbqk7byd4ms__mlcr1mt7nf80000gn/T/gsc_daily_report.png
Slackに投稿しました: C0ANLV8V5B9
取得日数: 17日 (2026/03/21 〜 2026/04/06)
グラフ生成: /var/folders/__/wbqk7byd4ms__mlcr1mt7nf80000gn/T/gsc_daily_report.png
Slackに投稿しました: C0ANLV8V5B9
取得日数: 18日 (2026/03/21 〜 2026/04/07)
グラフ生成: /var/folders/__/wbqk7byd4ms__mlcr1mt7nf80000gn/T/gsc_daily_report.png
Slackに投稿しました: C0ANLV8V5B9
取得日数: 19日 (2026/03/21 〜 2026/04/08)
グラフ生成: /var/folders/__/wbqk7byd4ms__mlcr1mt7nf80000gn/T/gsc_daily_report.png
Slackに投稿しました: C0ANLV8V5B9
取得日数: 20日 (2026/03/21 〜 2026/04/09)
グラフ生成: /var/folders/__/wbqk7byd4ms__mlcr1mt7nf80000gn/T/gsc_daily_report.png
Slackに投稿しました: C0ANLV8V5B9
取得日数: 21日 (2026/03/21 〜 2026/04/10)
グラフ生成: /var/folders/__/wbqk7byd4ms__mlcr1mt7nf80000gn/T/gsc_daily_report.png
Slackに投稿しました: C0ANLV8V5B9
取得日数: 22日 (2026/03/21 〜 2026/04/11)
グラフ生成: /var/folders/__/wbqk7byd4ms__mlcr1mt7nf80000gn/T/gsc_daily_report.png
Slackに投稿しました: C0ANLV8V5B9
取得日数: 23日 (2026/03/21 〜 2026/04/12)
グラフ生成: /var/folders/__/wbqk7byd4ms__mlcr1mt7nf80000gn/T/gsc_daily_report.png
Slackに投稿しました: C0ANLV8V5B9
取得日数: 24日 (2026/03/21 〜 2026/04/13)
グラフ生成: /var/folders/__/wbqk7byd4ms__mlcr1mt7nf80000gn/T/gsc_daily_report.png
Slackに投稿しました: C0ANLV8V5B9
取得日数: 25日 (2026/03/21 〜 2026/04/14)
グラフ生成: /var/folders/__/wbqk7byd4ms__mlcr1mt7nf80000gn/T/gsc_daily_report.png
Slackに投稿しました: C0ANLV8V5B9
取得日数: 26日 (2026/03/21 〜 2026/04/15)
グラフ生成: /var/folders/__/wbqk7byd4ms__mlcr1mt7nf80000gn/T/gsc_daily_report.png
Slackに投稿しました: C0ANLV8V5B9
取得日数: 27日 (2026/03/21 〜 2026/04/16)
グラフ生成: /var/folders/__/wbqk7byd4ms__mlcr1mt7nf80000gn/T/gsc_daily_report.png
Slackに投稿しました: C0ANLV8V5B9
取得日数: 28日 (2026/03/21 〜 2026/04/17)
グラフ生成: /var/folders/__/wbqk7byd4ms__mlcr1mt7nf80000gn/T/gsc_daily_report.png
Slackに投稿しました: C0ANLV8V5B9
Traceback (most recent call last):
  File "/opt/homebrew/lib/python3.13/site-packages/httplib2/__init__.py", line 1369, in _conn_request
    conn.connect()
    ~~~~~~~~~~~~^^
  File "/opt/homebrew/lib/python3.13/site-packages/httplib2/__init__.py", line 1145, in connect
    address_info = socket.getaddrinfo(host, port, 0, socket.SOCK_STREAM)
  File "/opt/homebrew/Cellar/python@3.13/3.13.11/Frameworks/Python.framework/Versions/3.13/lib/python3.13/socket.py", line 977, in getaddrinfo
    for res in _socket.getaddrinfo(host, port, family, type, proto, flags):
               ~~~~~~~~~~~~~~~~~~~^^^^^^^^^^^^^^^^^^^^^^^^^^^^^^^^^^^^^^^^
socket.gaierror: [Errno 8] nodename nor servname provided, or not known

During handling of the above exception, another exception occurred:

Traceback (most recent call last):
  File "/opt/homebrew/lib/python3.13/site-packages/google_auth_httplib2.py", line 117, in __call__
    response, data = self.http.request(
                     ~~~~~~~~~~~~~~~~~^
        url, method=method, body=body, headers=headers, **kwargs
        ^^^^^^^^^^^^^^^^^^^^^^^^^^^^^^^^^^^^^^^^^^^^^^^^^^^^^^^^
    )
    ^
  File "/opt/homebrew/lib/python3.13/site-packages/httplib2/__init__.py", line 1727, in request
    (response, content) = self._request(
                          ~~~~~~~~~~~~~^
        conn, authority, uri, request_uri, method, body, headers, redirections, cachekey,
        ^^^^^^^^^^^^^^^^^^^^^^^^^^^^^^^^^^^^^^^^^^^^^^^^^^^^^^^^^^^^^^^^^^^^^^^^^^^^^^^^^
    )
    ^
  File "/opt/homebrew/lib/python3.13/site-packages/httplib2/__init__.py", line 1447, in _request
    (response, content) = self._conn_request(conn, request_uri, method, body, headers)
                          ~~~~~~~~~~~~~~~~~~^^^^^^^^^^^^^^^^^^^^^^^^^^^^^^^^^^^^^^^^^^
  File "/opt/homebrew/lib/python3.13/site-packages/httplib2/__init__.py", line 1376, in _conn_request
    raise ServerNotFoundError("Unable to find the server at %s" % conn.host)
httplib2.error.ServerNotFoundError: Unable to find the server at oauth2.googleapis.com

During handling of the above exception, another exception occurred:

Traceback (most recent call last):
  File "/Users/kaikyotaro/repository/video-meikan/gsc/daily_report.py", line 152, in <module>
    main()
    ~~~~^^
  File "/Users/kaikyotaro/repository/video-meikan/gsc/daily_report.py", line 137, in main
    dates, clicks, impressions, positions = fetch_daily_data()
                                            ~~~~~~~~~~~~~~~~^^
  File "/Users/kaikyotaro/repository/video-meikan/gsc/daily_report.py", line 42, in fetch_daily_data
    response = service.searchanalytics().query(siteUrl=SITE_URL, body=body).execute()
  File "/opt/homebrew/lib/python3.13/site-packages/googleapiclient/_helpers.py", line 130, in positional_wrapper
    return wrapped(*args, **kwargs)
  File "/opt/homebrew/lib/python3.13/site-packages/googleapiclient/http.py", line 923, in execute
    resp, content = _retry_request(
                    ~~~~~~~~~~~~~~^
        http,
        ^^^^^
    ...<7 lines>...
        headers=self.headers,
        ^^^^^^^^^^^^^^^^^^^^^
    )
    ^
  File "/opt/homebrew/lib/python3.13/site-packages/googleapiclient/http.py", line 191, in _retry_request
    resp, content = http.request(uri, method, *args, **kwargs)
                    ~~~~~~~~~~~~^^^^^^^^^^^^^^^^^^^^^^^^^^^^^^
  File "/opt/homebrew/lib/python3.13/site-packages/google_auth_httplib2.py", line 207, in request
    self.credentials.before_request(self._request, method, uri, request_headers)
    ~~~~~~~~~~~~~~~~~~~~~~~~~~~~~~~^^^^^^^^^^^^^^^^^^^^^^^^^^^^^^^^^^^^^^^^^^^^^
  File "/opt/homebrew/lib/python3.13/site-packages/google/auth/credentials.py", line 230, in before_request
    self._blocking_refresh(request)
    ~~~~~~~~~~~~~~~~~~~~~~^^^^^^^^^
  File "/opt/homebrew/lib/python3.13/site-packages/google/auth/credentials.py", line 193, in _blocking_refresh
    self.refresh(request)
    ~~~~~~~~~~~~^^^^^^^^^
  File "/opt/homebrew/lib/python3.13/site-packages/google/auth/credentials.py", line 367, in refresh
    self._perform_refresh_token(request)
    ~~~~~~~~~~~~~~~~~~~~~~~~~~~^^^^^^^^^
  File "/opt/homebrew/lib/python3.13/site-packages/google/oauth2/service_account.py", line 457, in _perform_refresh_token
    access_token, expiry, _ = _client.jwt_grant(
                              ~~~~~~~~~~~~~~~~~^
        request, self._token_uri, assertion
        ^^^^^^^^^^^^^^^^^^^^^^^^^^^^^^^^^^^
    )
    ^
  File "/opt/homebrew/lib/python3.13/site-packages/google/oauth2/_client.py", line 303, in jwt_grant
    response_data = _token_endpoint_request(
        request,
    ...<5 lines>...
        },
    )
  File "/opt/homebrew/lib/python3.13/site-packages/google/oauth2/_client.py", line 263, in _token_endpoint_request
    ) = _token_endpoint_request_no_throw(
        ~~~~~~~~~~~~~~~~~~~~~~~~~~~~~~~~^
        request,
        ^^^^^^^^
    ...<6 lines>...
        **kwargs
        ^^^^^^^^
    )
    ^
  File "/opt/homebrew/lib/python3.13/site-packages/google/oauth2/_client.py", line 192, in _token_endpoint_request_no_throw
    response = request(
        method="POST", url=token_uri, headers=headers_to_use, body=body, **kwargs
    )
  File "/opt/homebrew/lib/python3.13/site-packages/google_auth_httplib2.py", line 124, in __call__
    raise exceptions.TransportError(exc)
google.auth.exceptions.TransportError: Unable to find the server at oauth2.googleapis.com
取得日数: 30日 (2026/03/21 〜 2026/04/19)
グラフ生成: /var/folders/__/wbqk7byd4ms__mlcr1mt7nf80000gn/T/gsc_daily_report.png
Slackに投稿しました: C0ANLV8V5B9
取得日数: 31日 (2026/03/21 〜 2026/04/20)
グラフ生成: /var/folders/__/wbqk7byd4ms__mlcr1mt7nf80000gn/T/gsc_daily_report.png
Slackに投稿しました: C0ANLV8V5B9
取得日数: 32日 (2026/03/21 〜 2026/04/21)
グラフ生成: /var/folders/__/wbqk7byd4ms__mlcr1mt7nf80000gn/T/gsc_daily_report.png
Slackに投稿しました: C0ANLV8V5B9
取得日数: 33日 (2026/03/21 〜 2026/04/22)
グラフ生成: /var/folders/__/wbqk7byd4ms__mlcr1mt7nf80000gn/T/gsc_daily_report.png
Slackに投稿しました: C0ANLV8V5B9
取得日数: 33日 (2026/03/21 〜 2026/04/22)
グラフ生成: /var/folders/__/wbqk7byd4ms__mlcr1mt7nf80000gn/T/gsc_daily_report.png
Slackに投稿しました: C0ANLV8V5B9
取得日数: 33日 (2026/03/21 〜 2026/04/22)
グラフ生成: /var/folders/__/wbqk7byd4ms__mlcr1mt7nf80000gn/T/gsc_daily_report.png
Slackに投稿しました: C0ANLV8V5B9
取得日数: 34日 (2026/03/21 〜 2026/04/23)
グラフ生成: /var/folders/__/wbqk7byd4ms__mlcr1mt7nf80000gn/T/gsc_daily_report.png
Slackに投稿しました: C0ANLV8V5B9
取得日数: 37日 (2026/03/21 〜 2026/04/26)
グラフ生成: /var/folders/__/wbqk7byd4ms__mlcr1mt7nf80000gn/T/gsc_daily_report.png
Slackに投稿しました: C0ANLV8V5B9
取得日数: 38日 (2026/03/21 〜 2026/04/27)
グラフ生成: /var/folders/__/wbqk7byd4ms__mlcr1mt7nf80000gn/T/gsc_daily_report.png
Slackに投稿しました: C0ANLV8V5B9
